0 info it worked if it ends with ok
1 verbose cli [ '/usr/bin/node',
1 verbose cli   '/usr/bin/npm',
1 verbose cli   'install',
1 verbose cli   'body-parser',
1 verbose cli   '--save' ]
2 info using npm@3.10.10
3 info using node@v6.11.4
4 silly loadCurrentTree Starting
5 silly install loadCurrentTree
6 silly install readLocalPackageData
7 silly fetchPackageMetaData body-parser@^1.18.2
8 silly fetchNamedPackageData body-parser
9 silly mapToRegistry name body-parser
10 silly mapToRegistry using default registry
11 silly mapToRegistry registry https://registry.npmjs.org/
12 silly mapToRegistry data Result {
12 silly mapToRegistry   raw: 'body-parser',
12 silly mapToRegistry   scope: null,
12 silly mapToRegistry   escapedName: 'body-parser',
12 silly mapToRegistry   name: 'body-parser',
12 silly mapToRegistry   rawSpec: '',
12 silly mapToRegistry   spec: 'latest',
12 silly mapToRegistry   type: 'tag' }
13 silly mapToRegistry uri https://registry.npmjs.org/body-parser
14 verbose request uri https://registry.npmjs.org/body-parser
15 verbose request no auth needed
16 info attempt registry request try #1 at 7:51:35 PM
17 verbose request id c231655c1b91e8b1
18 verbose etag "5ab15d51-237fd"
19 verbose lastModified Tue, 20 Mar 2018 19:13:21 GMT
20 http request GET https://registry.npmjs.org/body-parser
21 http 304 https://registry.npmjs.org/body-parser
22 verbose headers { date: 'Mon, 26 Mar 2018 08:54:38 GMT',
22 verbose headers   via: '1.1 varnish',
22 verbose headers   'cache-control': 'max-age=300',
22 verbose headers   etag: '"5ab15d51-237fd"',
22 verbose headers   age: '6975',
22 verbose headers   connection: 'keep-alive',
22 verbose headers   'x-served-by': 'cache-bom18224-BOM',
22 verbose headers   'x-cache': 'HIT',
22 verbose headers   'x-cache-hits': '9',
22 verbose headers   'x-timer': 'S1522054479.582382,VS0,VE0',
22 verbose headers   vary: 'Accept-Encoding, Accept' }
23 silly get cb [ 304,
23 silly get   { date: 'Mon, 26 Mar 2018 08:54:38 GMT',
23 silly get     via: '1.1 varnish',
23 silly get     'cache-control': 'max-age=300',
23 silly get     etag: '"5ab15d51-237fd"',
23 silly get     age: '6975',
23 silly get     connection: 'keep-alive',
23 silly get     'x-served-by': 'cache-bom18224-BOM',
23 silly get     'x-cache': 'HIT',
23 silly get     'x-cache-hits': '9',
23 silly get     'x-timer': 'S1522054479.582382,VS0,VE0',
23 silly get     vary: 'Accept-Encoding, Accept' } ]
24 verbose etag https://registry.npmjs.org/body-parser from cache
25 verbose get saving body-parser to /home/bhanugoban/.npm/registry.npmjs.org/body-parser/.cache.json
26 verbose correctMkdir /home/bhanugoban/.npm correctMkdir not in flight; initializing
27 silly install normalizeTree
28 silly loadCurrentTree Finishing
29 silly loadIdealTree Starting
30 silly install loadIdealTree
31 silly cloneCurrentTree Starting
32 silly install cloneCurrentTreeToIdealTree
33 silly cloneCurrentTree Finishing
34 silly loadShrinkwrap Starting
35 silly install loadShrinkwrap
36 silly loadShrinkwrap Finishing
37 silly loadAllDepsIntoIdealTree Starting
38 silly install loadAllDepsIntoIdealTree
39 silly resolveWithNewModule body-parser@1.18.2 checking installable status
40 silly cache add args [ 'body-parser@^1.18.2', null ]
41 verbose cache add spec body-parser@^1.18.2
42 silly cache add parsed spec Result {
42 silly cache add   raw: 'body-parser@^1.18.2',
42 silly cache add   scope: null,
42 silly cache add   escapedName: 'body-parser',
42 silly cache add   name: 'body-parser',
42 silly cache add   rawSpec: '^1.18.2',
42 silly cache add   spec: '>=1.18.2 <2.0.0',
42 silly cache add   type: 'range' }
43 silly addNamed body-parser@>=1.18.2 <2.0.0
44 verbose addNamed ">=1.18.2 <2.0.0" is a valid semver range for body-parser
45 silly addNameRange { name: 'body-parser', range: '>=1.18.2 <2.0.0', hasData: false }
46 silly mapToRegistry name body-parser
47 silly mapToRegistry using default registry
48 silly mapToRegistry registry https://registry.npmjs.org/
49 silly mapToRegistry data Result {
49 silly mapToRegistry   raw: 'body-parser',
49 silly mapToRegistry   scope: null,
49 silly mapToRegistry   escapedName: 'body-parser',
49 silly mapToRegistry   name: 'body-parser',
49 silly mapToRegistry   rawSpec: '',
49 silly mapToRegistry   spec: 'latest',
49 silly mapToRegistry   type: 'tag' }
50 silly mapToRegistry uri https://registry.npmjs.org/body-parser
51 verbose addNameRange registry:https://registry.npmjs.org/body-parser not in flight; fetching
52 verbose get https://registry.npmjs.org/body-parser not expired, no request
53 silly addNameRange number 2 { name: 'body-parser', range: '>=1.18.2 <2.0.0', hasData: true }
54 silly addNameRange versions [ 'body-parser',
54 silly addNameRange   [ '1.0.0',
54 silly addNameRange     '1.0.1',
54 silly addNameRange     '1.0.2',
54 silly addNameRange     '1.1.0',
54 silly addNameRange     '1.1.1',
54 silly addNameRange     '1.1.2',
54 silly addNameRange     '1.2.0',
54 silly addNameRange     '1.2.1',
54 silly addNameRange     '1.2.2',
54 silly addNameRange     '1.3.0',
54 silly addNameRange     '1.3.1',
54 silly addNameRange     '1.4.0',
54 silly addNameRange     '1.4.1',
54 silly addNameRange     '1.4.2',
54 silly addNameRange     '1.4.3',
54 silly addNameRange     '1.5.0',
54 silly addNameRange     '1.5.1',
54 silly addNameRange     '1.5.2',
54 silly addNameRange     '1.6.0',
54 silly addNameRange     '1.6.1',
54 silly addNameRange     '1.6.2',
54 silly addNameRange     '1.6.3',
54 silly addNameRange     '1.6.4',
54 silly addNameRange     '1.6.5',
54 silly addNameRange     '1.6.6',
54 silly addNameRange     '1.6.7',
54 silly addNameRange     '1.7.0',
54 silly addNameRange     '1.8.0',
54 silly addNameRange     '1.8.1',
54 silly addNameRange     '1.8.2',
54 silly addNameRange     '1.8.3',
54 silly addNameRange     '1.8.4',
54 silly addNameRange     '1.9.0',
54 silly addNameRange     '1.9.1',
54 silly addNameRange     '1.9.2',
54 silly addNameRange     '1.9.3',
54 silly addNameRange     '1.10.0',
54 silly addNameRange     '1.10.1',
54 silly addNameRange     '1.10.2',
54 silly addNameRange     '1.11.0',
54 silly addNameRange     '1.12.0',
54 silly addNameRange     '1.12.1',
54 silly addNameRange     '1.12.2',
54 silly addNameRange     '1.12.3',
54 silly addNameRange     '1.12.4',
54 silly addNameRange     '1.13.0',
54 silly addNameRange     '1.13.1',
54 silly addNameRange     '1.13.2',
54 silly addNameRange     '1.13.3',
54 silly addNameRange     '1.14.0',
54 silly addNameRange     '1.14.1',
54 silly addNameRange     '1.14.2',
54 silly addNameRange     '1.15.0',
54 silly addNameRange     '1.15.1',
54 silly addNameRange     '1.15.2',
54 silly addNameRange     '1.16.0',
54 silly addNameRange     '1.16.1',
54 silly addNameRange     '1.17.0',
54 silly addNameRange     '1.17.1',
54 silly addNameRange     '1.17.2',
54 silly addNameRange     '1.18.0',
54 silly addNameRange     '1.18.1',
54 silly addNameRange     '1.18.2' ] ]
55 silly addNamed body-parser@1.18.2
56 verbose addNamed "1.18.2" is a plain semver version for body-parser
57 silly cache afterAdd body-parser@1.18.2
58 verbose afterAdd /home/bhanugoban/.npm/body-parser/1.18.2/package/package.json not in flight; writing
59 verbose correctMkdir /home/bhanugoban/.npm correctMkdir not in flight; initializing
60 verbose afterAdd /home/bhanugoban/.npm/body-parser/1.18.2/package/package.json written
61 silly fetchNamedPackageData bytes
62 silly mapToRegistry name bytes
63 silly mapToRegistry using default registry
64 silly mapToRegistry registry https://registry.npmjs.org/
65 silly mapToRegistry data Result {
65 silly mapToRegistry   raw: 'bytes',
65 silly mapToRegistry   scope: null,
65 silly mapToRegistry   escapedName: 'bytes',
65 silly mapToRegistry   name: 'bytes',
65 silly mapToRegistry   rawSpec: '',
65 silly mapToRegistry   spec: 'latest',
65 silly mapToRegistry   type: 'tag' }
66 silly mapToRegistry uri https://registry.npmjs.org/bytes
67 silly fetchNamedPackageData iconv-lite
68 silly mapToRegistry name iconv-lite
69 silly mapToRegistry using default registry
70 silly mapToRegistry registry https://registry.npmjs.org/
71 silly mapToRegistry data Result {
71 silly mapToRegistry   raw: 'iconv-lite',
71 silly mapToRegistry   scope: null,
71 silly mapToRegistry   escapedName: 'iconv-lite',
71 silly mapToRegistry   name: 'iconv-lite',
71 silly mapToRegistry   rawSpec: '',
71 silly mapToRegistry   spec: 'latest',
71 silly mapToRegistry   type: 'tag' }
72 silly mapToRegistry uri https://registry.npmjs.org/iconv-lite
73 silly fetchNamedPackageData raw-body
74 silly mapToRegistry name raw-body
75 silly mapToRegistry using default registry
76 silly mapToRegistry registry https://registry.npmjs.org/
77 silly mapToRegistry data Result {
77 silly mapToRegistry   raw: 'raw-body',
77 silly mapToRegistry   scope: null,
77 silly mapToRegistry   escapedName: 'raw-body',
77 silly mapToRegistry   name: 'raw-body',
77 silly mapToRegistry   rawSpec: '',
77 silly mapToRegistry   spec: 'latest',
77 silly mapToRegistry   type: 'tag' }
78 silly mapToRegistry uri https://registry.npmjs.org/raw-body
79 verbose request uri https://registry.npmjs.org/bytes
80 verbose request no auth needed
81 info attempt registry request try #1 at 7:51:36 PM
82 verbose etag "5a79bac3-5ae2"
83 verbose lastModified Tue, 6 Feb 2018 14:25:07 GMT
84 http request GET https://registry.npmjs.org/bytes
85 verbose request uri https://registry.npmjs.org/iconv-lite
86 verbose request no auth needed
87 info attempt registry request try #1 at 7:51:36 PM
88 verbose etag "5ab254a6-122ba"
89 verbose lastModified Wed, 21 Mar 2018 12:48:38 GMT
90 http request GET https://registry.npmjs.org/iconv-lite
91 verbose request uri https://registry.npmjs.org/raw-body
92 verbose request no auth needed
93 info attempt registry request try #1 at 7:51:36 PM
94 verbose etag "5a79bbd5-ff26"
95 verbose lastModified Tue, 6 Feb 2018 14:29:41 GMT
96 http request GET https://registry.npmjs.org/raw-body
97 http 304 https://registry.npmjs.org/bytes
98 verbose headers { date: 'Mon, 26 Mar 2018 08:54:38 GMT',
98 verbose headers   via: '1.1 varnish',
98 verbose headers   'cache-control': 'max-age=300',
98 verbose headers   etag: '"5a79bac3-5ae2"',
98 verbose headers   age: '6986',
98 verbose headers   connection: 'keep-alive',
98 verbose headers   'x-served-by': 'cache-bom18224-BOM',
98 verbose headers   'x-cache': 'HIT',
98 verbose headers   'x-cache-hits': '15',
98 verbose headers   'x-timer': 'S1522054479.962452,VS0,VE0',
98 verbose headers   vary: 'Accept-Encoding, Accept' }
99 silly get cb [ 304,
99 silly get   { date: 'Mon, 26 Mar 2018 08:54:38 GMT',
99 silly get     via: '1.1 varnish',
99 silly get     'cache-control': 'max-age=300',
99 silly get     etag: '"5a79bac3-5ae2"',
99 silly get     age: '6986',
99 silly get     connection: 'keep-alive',
99 silly get     'x-served-by': 'cache-bom18224-BOM',
99 silly get     'x-cache': 'HIT',
99 silly get     'x-cache-hits': '15',
99 silly get     'x-timer': 'S1522054479.962452,VS0,VE0',
99 silly get     vary: 'Accept-Encoding, Accept' } ]
100 verbose etag https://registry.npmjs.org/bytes from cache
101 verbose get saving bytes to /home/bhanugoban/.npm/registry.npmjs.org/bytes/.cache.json
102 verbose correctMkdir /home/bhanugoban/.npm correctMkdir not in flight; initializing
103 silly resolveWithNewModule bytes@3.0.0 checking installable status
104 silly cache add args [ 'bytes@3.0.0', null ]
105 verbose cache add spec bytes@3.0.0
106 silly cache add parsed spec Result {
106 silly cache add   raw: 'bytes@3.0.0',
106 silly cache add   scope: null,
106 silly cache add   escapedName: 'bytes',
106 silly cache add   name: 'bytes',
106 silly cache add   rawSpec: '3.0.0',
106 silly cache add   spec: '3.0.0',
106 silly cache add   type: 'version' }
107 silly addNamed bytes@3.0.0
108 verbose addNamed "3.0.0" is a plain semver version for bytes
109 silly mapToRegistry name bytes
110 silly mapToRegistry using default registry
111 silly mapToRegistry registry https://registry.npmjs.org/
112 silly mapToRegistry data Result {
112 silly mapToRegistry   raw: 'bytes',
112 silly mapToRegistry   scope: null,
112 silly mapToRegistry   escapedName: 'bytes',
112 silly mapToRegistry   name: 'bytes',
112 silly mapToRegistry   rawSpec: '',
112 silly mapToRegistry   spec: 'latest',
112 silly mapToRegistry   type: 'tag' }
113 silly mapToRegistry uri https://registry.npmjs.org/bytes
114 verbose addNameVersion registry:https://registry.npmjs.org/bytes not in flight; fetching
115 verbose get https://registry.npmjs.org/bytes not expired, no request
116 silly cache afterAdd bytes@3.0.0
117 verbose afterAdd /home/bhanugoban/.npm/bytes/3.0.0/package/package.json not in flight; writing
118 verbose correctMkdir /home/bhanugoban/.npm correctMkdir not in flight; initializing
119 verbose afterAdd /home/bhanugoban/.npm/bytes/3.0.0/package/package.json written
120 http 304 https://registry.npmjs.org/raw-body
121 verbose headers { date: 'Mon, 26 Mar 2018 08:54:39 GMT',
121 verbose headers   via: '1.1 varnish',
121 verbose headers   'cache-control': 'max-age=300',
121 verbose headers   etag: '"5a79bbd5-ff26"',
121 verbose headers   age: '11232',
121 verbose headers   connection: 'keep-alive',
121 verbose headers   'x-served-by': 'cache-bom18223-BOM',
121 verbose headers   'x-cache': 'HIT',
121 verbose headers   'x-cache-hits': '17',
121 verbose headers   'x-timer': 'S1522054479.084168,VS0,VE0',
121 verbose headers   vary: 'Accept-Encoding, Accept' }
122 silly get cb [ 304,
122 silly get   { date: 'Mon, 26 Mar 2018 08:54:39 GMT',
122 silly get     via: '1.1 varnish',
122 silly get     'cache-control': 'max-age=300',
122 silly get     etag: '"5a79bbd5-ff26"',
122 silly get     age: '11232',
122 silly get     connection: 'keep-alive',
122 silly get     'x-served-by': 'cache-bom18223-BOM',
122 silly get     'x-cache': 'HIT',
122 silly get     'x-cache-hits': '17',
122 silly get     'x-timer': 'S1522054479.084168,VS0,VE0',
122 silly get     vary: 'Accept-Encoding, Accept' } ]
123 verbose etag https://registry.npmjs.org/raw-body from cache
124 verbose get saving raw-body to /home/bhanugoban/.npm/registry.npmjs.org/raw-body/.cache.json
125 verbose correctMkdir /home/bhanugoban/.npm correctMkdir not in flight; initializing
126 http 304 https://registry.npmjs.org/iconv-lite
127 verbose headers { date: 'Mon, 26 Mar 2018 08:54:39 GMT',
127 verbose headers   via: '1.1 varnish',
127 verbose headers   'cache-control': 'max-age=300',
127 verbose headers   etag: '"5ab254a6-122ba"',
127 verbose headers   age: '12562',
127 verbose headers   connection: 'keep-alive',
127 verbose headers   'x-served-by': 'cache-bom18223-BOM',
127 verbose headers   'x-cache': 'HIT',
127 verbose headers   'x-cache-hits': '19',
127 verbose headers   'x-timer': 'S1522054479.084752,VS0,VE0',
127 verbose headers   vary: 'Accept-Encoding, Accept' }
128 silly get cb [ 304,
128 silly get   { date: 'Mon, 26 Mar 2018 08:54:39 GMT',
128 silly get     via: '1.1 varnish',
128 silly get     'cache-control': 'max-age=300',
128 silly get     etag: '"5ab254a6-122ba"',
128 silly get     age: '12562',
128 silly get     connection: 'keep-alive',
128 silly get     'x-served-by': 'cache-bom18223-BOM',
128 silly get     'x-cache': 'HIT',
128 silly get     'x-cache-hits': '19',
128 silly get     'x-timer': 'S1522054479.084752,VS0,VE0',
128 silly get     vary: 'Accept-Encoding, Accept' } ]
129 verbose etag https://registry.npmjs.org/iconv-lite from cache
130 verbose get saving iconv-lite to /home/bhanugoban/.npm/registry.npmjs.org/iconv-lite/.cache.json
131 verbose correctMkdir /home/bhanugoban/.npm correctMkdir not in flight; initializing
132 silly resolveWithNewModule raw-body@2.3.2 checking installable status
133 silly cache add args [ 'raw-body@2.3.2', null ]
134 verbose cache add spec raw-body@2.3.2
135 silly cache add parsed spec Result {
135 silly cache add   raw: 'raw-body@2.3.2',
135 silly cache add   scope: null,
135 silly cache add   escapedName: 'raw-body',
135 silly cache add   name: 'raw-body',
135 silly cache add   rawSpec: '2.3.2',
135 silly cache add   spec: '2.3.2',
135 silly cache add   type: 'version' }
136 silly addNamed raw-body@2.3.2
137 verbose addNamed "2.3.2" is a plain semver version for raw-body
138 silly mapToRegistry name raw-body
139 silly mapToRegistry using default registry
140 silly mapToRegistry registry https://registry.npmjs.org/
141 silly mapToRegistry data Result {
141 silly mapToRegistry   raw: 'raw-body',
141 silly mapToRegistry   scope: null,
141 silly mapToRegistry   escapedName: 'raw-body',
141 silly mapToRegistry   name: 'raw-body',
141 silly mapToRegistry   rawSpec: '',
141 silly mapToRegistry   spec: 'latest',
141 silly mapToRegistry   type: 'tag' }
142 silly mapToRegistry uri https://registry.npmjs.org/raw-body
143 verbose addNameVersion registry:https://registry.npmjs.org/raw-body not in flight; fetching
144 silly resolveWithNewModule iconv-lite@0.4.19 checking installable status
145 silly cache add args [ 'iconv-lite@0.4.19', null ]
146 verbose cache add spec iconv-lite@0.4.19
147 silly cache add parsed spec Result {
147 silly cache add   raw: 'iconv-lite@0.4.19',
147 silly cache add   scope: null,
147 silly cache add   escapedName: 'iconv-lite',
147 silly cache add   name: 'iconv-lite',
147 silly cache add   rawSpec: '0.4.19',
147 silly cache add   spec: '0.4.19',
147 silly cache add   type: 'version' }
148 silly addNamed iconv-lite@0.4.19
149 verbose addNamed "0.4.19" is a plain semver version for iconv-lite
150 silly mapToRegistry name iconv-lite
151 silly mapToRegistry using default registry
152 silly mapToRegistry registry https://registry.npmjs.org/
153 silly mapToRegistry data Result {
153 silly mapToRegistry   raw: 'iconv-lite',
153 silly mapToRegistry   scope: null,
153 silly mapToRegistry   escapedName: 'iconv-lite',
153 silly mapToRegistry   name: 'iconv-lite',
153 silly mapToRegistry   rawSpec: '',
153 silly mapToRegistry   spec: 'latest',
153 silly mapToRegistry   type: 'tag' }
154 silly mapToRegistry uri https://registry.npmjs.org/iconv-lite
155 verbose addNameVersion registry:https://registry.npmjs.org/iconv-lite not in flight; fetching
156 verbose get https://registry.npmjs.org/raw-body not expired, no request
157 verbose get https://registry.npmjs.org/iconv-lite not expired, no request
158 silly cache afterAdd iconv-lite@0.4.19
159 verbose afterAdd /home/bhanugoban/.npm/iconv-lite/0.4.19/package/package.json not in flight; writing
160 verbose correctMkdir /home/bhanugoban/.npm correctMkdir not in flight; initializing
161 silly cache afterAdd raw-body@2.3.2
162 verbose afterAdd /home/bhanugoban/.npm/raw-body/2.3.2/package/package.json not in flight; writing
163 verbose correctMkdir /home/bhanugoban/.npm correctMkdir not in flight; initializing
164 verbose afterAdd /home/bhanugoban/.npm/iconv-lite/0.4.19/package/package.json written
165 verbose afterAdd /home/bhanugoban/.npm/raw-body/2.3.2/package/package.json written
166 silly fetchNamedPackageData fsevents
167 silly mapToRegistry name fsevents
168 silly mapToRegistry using default registry
169 silly mapToRegistry registry https://registry.npmjs.org/
170 silly mapToRegistry data Result {
170 silly mapToRegistry   raw: 'fsevents',
170 silly mapToRegistry   scope: null,
170 silly mapToRegistry   escapedName: 'fsevents',
170 silly mapToRegistry   name: 'fsevents',
170 silly mapToRegistry   rawSpec: '',
170 silly mapToRegistry   spec: 'latest',
170 silly mapToRegistry   type: 'tag' }
171 silly mapToRegistry uri https://registry.npmjs.org/fsevents
172 verbose request uri https://registry.npmjs.org/fsevents
173 verbose request no auth needed
174 info attempt registry request try #1 at 7:51:36 PM
175 verbose etag "5a7fa6de-e526"
176 verbose lastModified Sun, 11 Feb 2018 2:13:50 GMT
177 http request GET https://registry.npmjs.org/fsevents
178 http 304 https://registry.npmjs.org/fsevents
179 verbose headers { date: 'Mon, 26 Mar 2018 08:54:39 GMT',
179 verbose headers   via: '1.1 varnish',
179 verbose headers   'cache-control': 'max-age=300',
179 verbose headers   etag: '"5a7fa6de-e526"',
179 verbose headers   age: '11306',
179 verbose headers   connection: 'keep-alive',
179 verbose headers   'x-served-by': 'cache-bom18224-BOM',
179 verbose headers   'x-cache': 'HIT',
179 verbose headers   'x-cache-hits': '29',
179 verbose headers   'x-timer': 'S1522054480.512437,VS0,VE0',
179 verbose headers   vary: 'Accept-Encoding, Accept' }
180 silly get cb [ 304,
180 silly get   { date: 'Mon, 26 Mar 2018 08:54:39 GMT',
180 silly get     via: '1.1 varnish',
180 silly get     'cache-control': 'max-age=300',
180 silly get     etag: '"5a7fa6de-e526"',
180 silly get     age: '11306',
180 silly get     connection: 'keep-alive',
180 silly get     'x-served-by': 'cache-bom18224-BOM',
180 silly get     'x-cache': 'HIT',
180 silly get     'x-cache-hits': '29',
180 silly get     'x-timer': 'S1522054480.512437,VS0,VE0',
180 silly get     vary: 'Accept-Encoding, Accept' } ]
181 verbose etag https://registry.npmjs.org/fsevents from cache
182 verbose get saving fsevents to /home/bhanugoban/.npm/registry.npmjs.org/fsevents/.cache.json
183 verbose correctMkdir /home/bhanugoban/.npm correctMkdir not in flight; initializing
184 silly resolveWithNewModule fsevents@1.1.3 checking installable status
185 silly loadAllDepsIntoIdealTree Finishing
186 silly loadIdealTree Finishing
187 silly currentTree nodeserver@1.0.0
187 silly currentTree +-- abbrev@1.1.1
187 silly currentTree +-- accepts@1.3.5
187 silly currentTree +-- ajv@5.5.2
187 silly currentTree +-- ansi-align@2.0.0
187 silly currentTree | +-- ansi-regex@3.0.0
187 silly currentTree | +-- is-fullwidth-code-point@2.0.0
187 silly currentTree | +-- string-width@2.1.1
187 silly currentTree | `-- strip-ansi@4.0.0
187 silly currentTree +-- ansi-regex@2.1.1
187 silly currentTree +-- ansi-styles@3.2.1
187 silly currentTree +-- anymatch@2.0.0
187 silly currentTree +-- aproba@1.2.0
187 silly currentTree +-- are-we-there-yet@1.1.4
187 silly currentTree +-- arr-diff@4.0.0
187 silly currentTree +-- arr-flatten@1.1.0
187 silly currentTree +-- arr-union@3.1.0
187 silly currentTree +-- array-flatten@1.1.1
187 silly currentTree +-- array-unique@0.3.2
187 silly currentTree +-- asn1@0.2.3
187 silly currentTree +-- assert-plus@1.0.0
187 silly currentTree +-- assign-symbols@1.0.0
187 silly currentTree +-- async-each@1.0.1
187 silly currentTree +-- async@2.1.4
187 silly currentTree +-- asynckit@0.4.0
187 silly currentTree +-- atob@2.0.3
187 silly currentTree +-- aws-sign2@0.7.0
187 silly currentTree +-- aws4@1.6.0
187 silly currentTree +-- balanced-match@1.0.0
187 silly currentTree +-- base@0.11.2
187 silly currentTree | `-- define-property@1.0.0
187 silly currentTree +-- bcrypt-nodejs@0.0.3
187 silly currentTree +-- bcrypt-pbkdf@1.0.1
187 silly currentTree +-- bcrypt@1.0.3
187 silly currentTree +-- binary-extensions@1.11.0
187 silly currentTree +-- block-stream@0.0.9
187 silly currentTree +-- bluebird@3.5.0
187 silly currentTree +-- body-parser@1.18.2
187 silly currentTree +-- boom@4.3.1
187 silly currentTree +-- boxen@1.3.0
187 silly currentTree | +-- ansi-regex@3.0.0
187 silly currentTree | +-- is-fullwidth-code-point@2.0.0
187 silly currentTree | +-- string-width@2.1.1
187 silly currentTree | `-- strip-ansi@4.0.0
187 silly currentTree +-- brace-expansion@1.1.11
187 silly currentTree +-- braces@2.3.1
187 silly currentTree | +-- define-property@1.0.0
187 silly currentTree | `-- extend-shallow@2.0.1
187 silly currentTree +-- bson@1.0.5
187 silly currentTree +-- bytes@3.0.0
187 silly currentTree +-- cache-base@1.0.1
187 silly currentTree +-- camelcase@4.1.0
187 silly currentTree +-- capture-stack-trace@1.0.0
187 silly currentTree +-- caseless@0.12.0
187 silly currentTree +-- chalk@2.3.2
187 silly currentTree +-- chokidar@2.0.2
187 silly currentTree +-- class-utils@0.3.6
187 silly currentTree | +-- define-property@0.2.5
187 silly currentTree | +-- is-accessor-descriptor@0.1.6
187 silly currentTree | | `-- kind-of@3.2.2
187 silly currentTree | +-- is-data-descriptor@0.1.4
187 silly currentTree | | `-- kind-of@3.2.2
187 silly currentTree | +-- is-descriptor@0.1.6
187 silly currentTree | `-- kind-of@5.1.0
187 silly currentTree +-- cli-boxes@1.0.0
187 silly currentTree +-- co@4.6.0
187 silly currentTree +-- code-point-at@1.1.0
187 silly currentTree +-- collection-visit@1.0.0
187 silly currentTree +-- color-convert@1.9.1
187 silly currentTree +-- color-name@1.1.3
187 silly currentTree +-- combined-stream@1.0.6
187 silly currentTree +-- component-emitter@1.2.1
187 silly currentTree +-- concat-map@0.0.1
187 silly currentTree +-- configstore@3.1.1
187 silly currentTree +-- console-control-strings@1.1.0
187 silly currentTree +-- content-disposition@0.5.2
187 silly currentTree +-- content-type@1.0.4
187 silly currentTree +-- cookie-signature@1.0.6
187 silly currentTree +-- cookie@0.3.1
187 silly currentTree +-- copy-descriptor@0.1.1
187 silly currentTree +-- core-util-is@1.0.2
187 silly currentTree +-- cors@2.8.4
187 silly currentTree +-- create-error-class@3.0.2
187 silly currentTree +-- cross-spawn@5.1.0
187 silly currentTree +-- cryptiles@3.1.2
187 silly currentTree | `-- boom@5.2.0
187 silly currentTree +-- crypto-random-string@1.0.0
187 silly currentTree +-- dashdash@1.14.1
187 silly currentTree +-- debug@2.6.9
187 silly currentTree +-- decode-uri-component@0.2.0
187 silly currentTree +-- deep-extend@0.4.2
187 silly currentTree +-- define-property@2.0.2
187 silly currentTree +-- delayed-stream@1.0.0
187 silly currentTree +-- delegates@1.0.0
187 silly currentTree +-- depd@1.1.2
187 silly currentTree +-- destroy@1.0.4
187 silly currentTree +-- dot-prop@4.2.0
187 silly currentTree +-- duplexer@0.1.1
187 silly currentTree +-- duplexer3@0.1.4
187 silly currentTree +-- ecc-jsbn@0.1.1
187 silly currentTree +-- ee-first@1.1.1
187 silly currentTree +-- encodeurl@1.0.2
187 silly currentTree +-- escape-html@1.0.3
187 silly currentTree +-- escape-string-regexp@1.0.5
187 silly currentTree +-- etag@1.8.1
187 silly currentTree +-- event-stream@3.3.4
187 silly currentTree +-- execa@0.7.0
187 silly currentTree +-- expand-brackets@2.1.4
187 silly currentTree | +-- define-property@0.2.5
187 silly currentTree | +-- extend-shallow@2.0.1
187 silly currentTree | +-- is-accessor-descriptor@0.1.6
187 silly currentTree | | `-- kind-of@3.2.2
187 silly currentTree | +-- is-data-descriptor@0.1.4
187 silly currentTree | | `-- kind-of@3.2.2
187 silly currentTree | +-- is-descriptor@0.1.6
187 silly currentTree | `-- kind-of@5.1.0
187 silly currentTree +-- express@4.16.2
187 silly currentTree +-- extend-shallow@3.0.2
187 silly currentTree | `-- is-extendable@1.0.1
187 silly currentTree +-- extend@3.0.1
187 silly currentTree +-- extglob@2.0.4
187 silly currentTree | +-- define-property@1.0.0
187 silly currentTree | `-- extend-shallow@2.0.1
187 silly currentTree +-- extsprintf@1.3.0
187 silly currentTree +-- fast-deep-equal@1.1.0
187 silly currentTree +-- fast-json-stable-stringify@2.0.0
187 silly currentTree +-- fill-range@4.0.0
187 silly currentTree | `-- extend-shallow@2.0.1
187 silly currentTree +-- finalhandler@1.1.0
187 silly currentTree +-- for-in@1.0.2
187 silly currentTree +-- forever-agent@0.6.1
187 silly currentTree +-- form-data@2.3.2
187 silly currentTree +-- forwarded@0.1.2
187 silly currentTree +-- fragment-cache@0.2.1
187 silly currentTree +-- fresh@0.5.2
187 silly currentTree +-- from@0.1.7
187 silly currentTree +-- fs.realpath@1.0.0
187 silly currentTree +-- fstream-ignore@1.0.5
187 silly currentTree +-- fstream@1.0.11
187 silly currentTree +-- gauge@2.7.4
187 silly currentTree +-- get-stream@3.0.0
187 silly currentTree +-- get-value@2.0.6
187 silly currentTree +-- getpass@0.1.7
187 silly currentTree +-- glob-parent@3.1.0
187 silly currentTree | `-- is-glob@3.1.0
187 silly currentTree +-- glob@7.1.2
187 silly currentTree +-- global-dirs@0.1.1
187 silly currentTree +-- got@6.7.1
187 silly currentTree +-- graceful-fs@4.1.11
187 silly currentTree +-- har-schema@2.0.0
187 silly currentTree +-- har-validator@5.0.3
187 silly currentTree +-- has-flag@3.0.0
187 silly currentTree +-- has-unicode@2.0.1
187 silly currentTree +-- has-value@1.0.0
187 silly currentTree +-- has-values@1.0.0
187 silly currentTree | `-- kind-of@4.0.0
187 silly currentTree +-- hawk@6.0.2
187 silly currentTree +-- hoek@4.2.1
187 silly currentTree +-- http-errors@1.6.2
187 silly currentTree | +-- depd@1.1.1
187 silly currentTree | `-- setprototypeof@1.0.3
187 silly currentTree +-- http-signature@1.2.0
187 silly currentTree +-- iconv-lite@0.4.19
187 silly currentTree +-- ignore-by-default@1.0.1
187 silly currentTree +-- import-lazy@2.1.0
187 silly currentTree +-- imurmurhash@0.1.4
187 silly currentTree +-- inflight@1.0.6
187 silly currentTree +-- inherits@2.0.3
187 silly currentTree +-- ini@1.3.5
187 silly currentTree +-- install@0.10.4
187 silly currentTree +-- ipaddr.js@1.6.0
187 silly currentTree +-- is-accessor-descriptor@1.0.0
187 silly currentTree +-- is-binary-path@1.0.1
187 silly currentTree +-- is-buffer@1.1.6
187 silly currentTree +-- is-data-descriptor@1.0.0
187 silly currentTree +-- is-descriptor@1.0.2
187 silly currentTree +-- is-extendable@0.1.1
187 silly currentTree +-- is-extglob@2.1.1
187 silly currentTree +-- is-fullwidth-code-point@1.0.0
187 silly currentTree +-- is-glob@4.0.0
187 silly currentTree +-- is-installed-globally@0.1.0
187 silly currentTree +-- is-npm@1.0.0
187 silly currentTree +-- is-number@3.0.0
187 silly currentTree | `-- kind-of@3.2.2
187 silly currentTree +-- is-obj@1.0.1
187 silly currentTree +-- is-odd@2.0.0
187 silly currentTree | `-- is-number@4.0.0
187 silly currentTree +-- is-path-inside@1.0.1
187 silly currentTree +-- is-plain-object@2.0.4
187 silly currentTree +-- is-redirect@1.0.0
187 silly currentTree +-- is-retry-allowed@1.1.0
187 silly currentTree +-- is-stream@1.1.0
187 silly currentTree +-- is-typedarray@1.0.0
187 silly currentTree +-- is-windows@1.0.2
187 silly currentTree +-- isarray@1.0.0
187 silly currentTree +-- isexe@2.0.0
187 silly currentTree +-- isobject@3.0.1
187 silly currentTree +-- isstream@0.1.2
187 silly currentTree +-- jsbn@0.1.1
187 silly currentTree +-- json-schema-traverse@0.3.1
187 silly currentTree +-- json-schema@0.2.3
187 silly currentTree +-- json-stringify-safe@5.0.1
187 silly currentTree +-- jsprim@1.4.1
187 silly currentTree +-- kareem@2.0.5
187 silly currentTree +-- kind-of@6.0.2
187 silly currentTree +-- latest-version@3.1.0
187 silly currentTree +-- lodash.get@4.4.2
187 silly currentTree +-- lodash@4.17.5
187 silly currentTree +-- lowercase-keys@1.0.0
187 silly currentTree +-- lru-cache@4.1.2
187 silly currentTree +-- make-dir@1.2.0
187 silly currentTree +-- map-cache@0.2.2
187 silly currentTree +-- map-stream@0.1.0
187 silly currentTree +-- map-visit@1.0.0
187 silly currentTree +-- media-typer@0.3.0
187 silly currentTree +-- merge-descriptors@1.0.1
187 silly currentTree +-- methods@1.1.2
187 silly currentTree +-- micromatch@3.1.9
187 silly currentTree +-- mime-db@1.33.0
187 silly currentTree +-- mime-types@2.1.18
187 silly currentTree +-- mime@1.4.1
187 silly currentTree +-- minimatch@3.0.4
187 silly currentTree +-- minimist@0.0.8
187 silly currentTree +-- mixin-deep@1.3.1
187 silly currentTree | `-- is-extendable@1.0.1
187 silly currentTree +-- mkdirp@0.5.1
187 silly currentTree +-- mongodb-autoincrement@1.0.1
187 silly currentTree +-- mongodb-core@3.0.4
187 silly currentTree +-- mongodb@3.0.4
187 silly currentTree +-- mongoose-legacy-pluralize@1.0.2
187 silly currentTree +-- mongoose@5.0.10
187 silly currentTree +-- mpath@0.3.0
187 silly currentTree +-- mquery@3.0.0
187 silly currentTree | `-- sliced@0.0.5
187 silly currentTree +-- ms@2.0.0
187 silly currentTree +-- nan@2.6.2
187 silly currentTree +-- nanomatch@1.2.9
187 silly currentTree +-- negotiator@0.6.1
187 silly currentTree +-- node-gyp@3.6.2
187 silly currentTree | +-- nopt@3.0.6
187 silly currentTree | `-- semver@5.3.0
187 silly currentTree +-- node-pre-gyp@0.6.36
187 silly currentTree +-- nodemon@1.17.2
187 silly currentTree | `-- debug@3.1.0
187 silly currentTree +-- nopt@4.0.1
187 silly currentTree +-- normalize-path@2.1.1
187 silly currentTree +-- npm-run-path@2.0.2
187 silly currentTree +-- npmlog@4.1.2
187 silly currentTree +-- number-is-nan@1.0.1
187 silly currentTree +-- oauth-sign@0.8.2
187 silly currentTree +-- object-assign@4.1.1
187 silly currentTree +-- object-copy@0.1.0
187 silly currentTree | +-- define-property@0.2.5
187 silly currentTree | +-- is-accessor-descriptor@0.1.6
187 silly currentTree | +-- is-data-descriptor@0.1.4
187 silly currentTree | +-- is-descriptor@0.1.6
187 silly currentTree | | `-- kind-of@5.1.0
187 silly currentTree | `-- kind-of@3.2.2
187 silly currentTree +-- object-visit@1.0.1
187 silly currentTree +-- object.pick@1.3.0
187 silly currentTree +-- on-finished@2.3.0
187 silly currentTree +-- once@1.4.0
187 silly currentTree +-- optimist@0.3.7
187 silly currentTree +-- os-homedir@1.0.2
187 silly currentTree +-- os-tmpdir@1.0.2
187 silly currentTree +-- osenv@0.1.5
187 silly currentTree +-- p-finally@1.0.0
187 silly currentTree +-- package-json@4.0.1
187 silly currentTree +-- parseurl@1.3.2
187 silly currentTree +-- pascalcase@0.1.1
187 silly currentTree +-- path-dirname@1.0.2
187 silly currentTree +-- path-is-absolute@1.0.1
187 silly currentTree +-- path-is-inside@1.0.2
187 silly currentTree +-- path-key@2.0.1
187 silly currentTree +-- path-to-regexp@0.1.7
187 silly currentTree +-- pause-stream@0.0.11
187 silly currentTree +-- performance-now@2.1.0
187 silly currentTree +-- pify@3.0.0
187 silly currentTree +-- posix-character-classes@0.1.1
187 silly currentTree +-- prepend-http@1.0.4
187 silly currentTree +-- process-nextick-args@2.0.0
187 silly currentTree +-- proxy-addr@2.0.3
187 silly currentTree +-- ps-tree@1.1.0
187 silly currentTree +-- pseudomap@1.0.2
187 silly currentTree +-- pstree.remy@1.1.0
187 silly currentTree +-- punycode@1.4.1
187 silly currentTree +-- qs@6.5.1
187 silly currentTree +-- range-parser@1.2.0
187 silly currentTree +-- raw-body@2.3.2
187 silly currentTree +-- rc@1.2.6
187 silly currentTree | `-- minimist@1.2.0
187 silly currentTree +-- readable-stream@2.3.5
187 silly currentTree +-- readdirp@2.1.0
187 silly currentTree +-- rebuild@0.1.2
187 silly currentTree +-- regex-not@1.0.2
187 silly currentTree +-- regexp-clone@0.0.1
187 silly currentTree +-- registry-auth-token@3.3.2
187 silly currentTree +-- registry-url@3.1.0
187 silly currentTree +-- remove-trailing-separator@1.1.0
187 silly currentTree +-- repeat-element@1.1.2
187 silly currentTree +-- repeat-string@1.6.1
187 silly currentTree +-- request@2.85.0
187 silly currentTree +-- require_optional@1.0.1
187 silly currentTree +-- resolve-from@2.0.0
187 silly currentTree +-- resolve-url@0.2.1
187 silly currentTree +-- ret@0.1.15
187 silly currentTree +-- rimraf@2.6.2
187 silly currentTree +-- safe-buffer@5.1.1
187 silly currentTree +-- safe-regex@1.1.0
187 silly currentTree +-- semver-diff@2.1.0
187 silly currentTree +-- semver@5.5.0
187 silly currentTree +-- send@0.16.1
187 silly currentTree +-- serve-static@1.13.1
187 silly currentTree +-- set-blocking@2.0.0
187 silly currentTree +-- set-immediate-shim@1.0.1
187 silly currentTree +-- set-value@2.0.0
187 silly currentTree | `-- extend-shallow@2.0.1
187 silly currentTree +-- setprototypeof@1.1.0
187 silly currentTree +-- shebang-command@1.2.0
187 silly currentTree +-- shebang-regex@1.0.0
187 silly currentTree +-- signal-exit@3.0.2
187 silly currentTree +-- sliced@1.0.1
187 silly currentTree +-- snapdragon-node@2.1.1
187 silly currentTree | `-- define-property@1.0.0
187 silly currentTree +-- snapdragon-util@3.0.1
187 silly currentTree | `-- kind-of@3.2.2
187 silly currentTree +-- snapdragon@0.8.2
187 silly currentTree | +-- define-property@0.2.5
187 silly currentTree | +-- extend-shallow@2.0.1
187 silly currentTree | +-- is-accessor-descriptor@0.1.6
187 silly currentTree | | `-- kind-of@3.2.2
187 silly currentTree | +-- is-data-descriptor@0.1.4
187 silly currentTree | | `-- kind-of@3.2.2
187 silly currentTree | +-- is-descriptor@0.1.6
187 silly currentTree | `-- kind-of@5.1.0
187 silly currentTree +-- sntp@2.1.0
187 silly currentTree +-- source-map-resolve@0.5.1
187 silly currentTree +-- source-map-url@0.4.0
187 silly currentTree +-- source-map@0.5.7
187 silly currentTree +-- split-string@3.1.0
187 silly currentTree +-- split@0.3.3
187 silly currentTree +-- sshpk@1.14.1
187 silly currentTree +-- static-extend@0.1.2
187 silly currentTree | +-- define-property@0.2.5
187 silly currentTree | +-- is-accessor-descriptor@0.1.6
187 silly currentTree | | `-- kind-of@3.2.2
187 silly currentTree | +-- is-data-descriptor@0.1.4
187 silly currentTree | | `-- kind-of@3.2.2
187 silly currentTree | +-- is-descriptor@0.1.6
187 silly currentTree | `-- kind-of@5.1.0
187 silly currentTree +-- statuses@1.3.1
187 silly currentTree +-- stream-combiner@0.0.4
187 silly currentTree +-- string_decoder@1.0.3
187 silly currentTree +-- string-width@1.0.2
187 silly currentTree +-- stringstream@0.0.5
187 silly currentTree +-- strip-ansi@3.0.1
187 silly currentTree +-- strip-eof@1.0.0
187 silly currentTree +-- strip-json-comments@2.0.1
187 silly currentTree +-- supports-color@5.3.0
187 silly currentTree +-- tar-pack@3.4.1
187 silly currentTree +-- tar@2.2.1
187 silly currentTree +-- term-size@1.2.0
187 silly currentTree +-- through@2.3.8
187 silly currentTree +-- timed-out@4.0.1
187 silly currentTree +-- to-object-path@0.3.0
187 silly currentTree | `-- kind-of@3.2.2
187 silly currentTree +-- to-regex-range@2.1.1
187 silly currentTree +-- to-regex@3.0.2
187 silly currentTree +-- touch@3.1.0
187 silly currentTree | `-- nopt@1.0.10
187 silly currentTree +-- tough-cookie@2.3.4
187 silly currentTree +-- tunnel-agent@0.6.0
187 silly currentTree +-- tweetnacl@0.14.5
187 silly currentTree +-- type-is@1.6.16
187 silly currentTree +-- uid-number@0.0.6
187 silly currentTree +-- undefsafe@2.0.2
187 silly currentTree +-- union-value@1.0.0
187 silly currentTree | +-- extend-shallow@2.0.1
187 silly currentTree | `-- set-value@0.4.3
187 silly currentTree +-- unique-string@1.0.0
187 silly currentTree +-- unpipe@1.0.0
187 silly currentTree +-- unset-value@1.0.0
187 silly currentTree | +-- has-value@0.3.1
187 silly currentTree | | `-- isobject@2.1.0
187 silly currentTree | `-- has-values@0.1.4
187 silly currentTree +-- unzip-response@2.0.1
187 silly currentTree +-- upath@1.0.4
187 silly currentTree +-- update-notifier@2.3.0
187 silly currentTree +-- urix@0.1.0
187 silly currentTree +-- url-parse-lax@1.0.0
187 silly currentTree +-- use@3.1.0
187 silly currentTree +-- util-deprecate@1.0.2
187 silly currentTree +-- utils-merge@1.0.1
187 silly currentTree +-- uuid@3.2.1
187 silly currentTree +-- vary@1.1.2
187 silly currentTree +-- verror@1.10.0
187 silly currentTree +-- which@1.3.0
187 silly currentTree +-- wide-align@1.1.2
187 silly currentTree +-- widest-line@2.0.0
187 silly currentTree | +-- ansi-regex@3.0.0
187 silly currentTree | +-- is-fullwidth-code-point@2.0.0
187 silly currentTree | +-- string-width@2.1.1
187 silly currentTree | `-- strip-ansi@4.0.0
187 silly currentTree +-- wordwrap@0.0.3
187 silly currentTree +-- wrappy@1.0.2
187 silly currentTree +-- write-file-atomic@2.3.0
187 silly currentTree +-- xdg-basedir@3.0.0
187 silly currentTree `-- yallist@2.1.2
188 silly idealTree nodeserver@1.0.0
188 silly idealTree +-- abbrev@1.1.1
188 silly idealTree +-- accepts@1.3.5
188 silly idealTree +-- ajv@5.5.2
188 silly idealTree +-- ansi-align@2.0.0
188 silly idealTree | +-- ansi-regex@3.0.0
188 silly idealTree | +-- is-fullwidth-code-point@2.0.0
188 silly idealTree | +-- string-width@2.1.1
188 silly idealTree | `-- strip-ansi@4.0.0
188 silly idealTree +-- ansi-regex@2.1.1
188 silly idealTree +-- ansi-styles@3.2.1
188 silly idealTree +-- anymatch@2.0.0
188 silly idealTree +-- aproba@1.2.0
188 silly idealTree +-- are-we-there-yet@1.1.4
188 silly idealTree +-- arr-diff@4.0.0
188 silly idealTree +-- arr-flatten@1.1.0
188 silly idealTree +-- arr-union@3.1.0
188 silly idealTree +-- array-flatten@1.1.1
188 silly idealTree +-- array-unique@0.3.2
188 silly idealTree +-- asn1@0.2.3
188 silly idealTree +-- assert-plus@1.0.0
188 silly idealTree +-- assign-symbols@1.0.0
188 silly idealTree +-- async-each@1.0.1
188 silly idealTree +-- async@2.1.4
188 silly idealTree +-- asynckit@0.4.0
188 silly idealTree +-- atob@2.0.3
188 silly idealTree +-- aws-sign2@0.7.0
188 silly idealTree +-- aws4@1.6.0
188 silly idealTree +-- balanced-match@1.0.0
188 silly idealTree +-- base@0.11.2
188 silly idealTree | `-- define-property@1.0.0
188 silly idealTree +-- bcrypt-nodejs@0.0.3
188 silly idealTree +-- bcrypt-pbkdf@1.0.1
188 silly idealTree +-- bcrypt@1.0.3
188 silly idealTree +-- binary-extensions@1.11.0
188 silly idealTree +-- block-stream@0.0.9
188 silly idealTree +-- bluebird@3.5.0
188 silly idealTree +-- body-parser@1.18.2
188 silly idealTree +-- boom@4.3.1
188 silly idealTree +-- boxen@1.3.0
188 silly idealTree | +-- ansi-regex@3.0.0
188 silly idealTree | +-- is-fullwidth-code-point@2.0.0
188 silly idealTree | +-- string-width@2.1.1
188 silly idealTree | `-- strip-ansi@4.0.0
188 silly idealTree +-- brace-expansion@1.1.11
188 silly idealTree +-- braces@2.3.1
188 silly idealTree | +-- define-property@1.0.0
188 silly idealTree | `-- extend-shallow@2.0.1
188 silly idealTree +-- bson@1.0.5
188 silly idealTree +-- bytes@3.0.0
188 silly idealTree +-- cache-base@1.0.1
188 silly idealTree +-- camelcase@4.1.0
188 silly idealTree +-- capture-stack-trace@1.0.0
188 silly idealTree +-- caseless@0.12.0
188 silly idealTree +-- chalk@2.3.2
188 silly idealTree +-- chokidar@2.0.2
188 silly idealTree +-- class-utils@0.3.6
188 silly idealTree | +-- define-property@0.2.5
188 silly idealTree | +-- is-accessor-descriptor@0.1.6
188 silly idealTree | | `-- kind-of@3.2.2
188 silly idealTree | +-- is-data-descriptor@0.1.4
188 silly idealTree | | `-- kind-of@3.2.2
188 silly idealTree | +-- is-descriptor@0.1.6
188 silly idealTree | `-- kind-of@5.1.0
188 silly idealTree +-- cli-boxes@1.0.0
188 silly idealTree +-- co@4.6.0
188 silly idealTree +-- code-point-at@1.1.0
188 silly idealTree +-- collection-visit@1.0.0
188 silly idealTree +-- color-convert@1.9.1
188 silly idealTree +-- color-name@1.1.3
188 silly idealTree +-- combined-stream@1.0.6
188 silly idealTree +-- component-emitter@1.2.1
188 silly idealTree +-- concat-map@0.0.1
188 silly idealTree +-- configstore@3.1.1
188 silly idealTree +-- console-control-strings@1.1.0
188 silly idealTree +-- content-disposition@0.5.2
188 silly idealTree +-- content-type@1.0.4
188 silly idealTree +-- cookie-signature@1.0.6
188 silly idealTree +-- cookie@0.3.1
188 silly idealTree +-- copy-descriptor@0.1.1
188 silly idealTree +-- core-util-is@1.0.2
188 silly idealTree +-- cors@2.8.4
188 silly idealTree +-- create-error-class@3.0.2
188 silly idealTree +-- cross-spawn@5.1.0
188 silly idealTree +-- cryptiles@3.1.2
188 silly idealTree | `-- boom@5.2.0
188 silly idealTree +-- crypto-random-string@1.0.0
188 silly idealTree +-- dashdash@1.14.1
188 silly idealTree +-- debug@2.6.9
188 silly idealTree +-- decode-uri-component@0.2.0
188 silly idealTree +-- deep-extend@0.4.2
188 silly idealTree +-- define-property@2.0.2
188 silly idealTree +-- delayed-stream@1.0.0
188 silly idealTree +-- delegates@1.0.0
188 silly idealTree +-- depd@1.1.2
188 silly idealTree +-- destroy@1.0.4
188 silly idealTree +-- dot-prop@4.2.0
188 silly idealTree +-- duplexer@0.1.1
188 silly idealTree +-- duplexer3@0.1.4
188 silly idealTree +-- ecc-jsbn@0.1.1
188 silly idealTree +-- ee-first@1.1.1
188 silly idealTree +-- encodeurl@1.0.2
188 silly idealTree +-- escape-html@1.0.3
188 silly idealTree +-- escape-string-regexp@1.0.5
188 silly idealTree +-- etag@1.8.1
188 silly idealTree +-- event-stream@3.3.4
188 silly idealTree +-- execa@0.7.0
188 silly idealTree +-- expand-brackets@2.1.4
188 silly idealTree | +-- define-property@0.2.5
188 silly idealTree | +-- extend-shallow@2.0.1
188 silly idealTree | +-- is-accessor-descriptor@0.1.6
188 silly idealTree | | `-- kind-of@3.2.2
188 silly idealTree | +-- is-data-descriptor@0.1.4
188 silly idealTree | | `-- kind-of@3.2.2
188 silly idealTree | +-- is-descriptor@0.1.6
188 silly idealTree | `-- kind-of@5.1.0
188 silly idealTree +-- express@4.16.2
188 silly idealTree +-- extend-shallow@3.0.2
188 silly idealTree | `-- is-extendable@1.0.1
188 silly idealTree +-- extend@3.0.1
188 silly idealTree +-- extglob@2.0.4
188 silly idealTree | +-- define-property@1.0.0
188 silly idealTree | `-- extend-shallow@2.0.1
188 silly idealTree +-- extsprintf@1.3.0
188 silly idealTree +-- fast-deep-equal@1.1.0
188 silly idealTree +-- fast-json-stable-stringify@2.0.0
188 silly idealTree +-- fill-range@4.0.0
188 silly idealTree | `-- extend-shallow@2.0.1
188 silly idealTree +-- finalhandler@1.1.0
188 silly idealTree +-- for-in@1.0.2
188 silly idealTree +-- forever-agent@0.6.1
188 silly idealTree +-- form-data@2.3.2
188 silly idealTree +-- forwarded@0.1.2
188 silly idealTree +-- fragment-cache@0.2.1
188 silly idealTree +-- fresh@0.5.2
188 silly idealTree +-- from@0.1.7
188 silly idealTree +-- fs.realpath@1.0.0
188 silly idealTree +-- fstream-ignore@1.0.5
188 silly idealTree +-- fstream@1.0.11
188 silly idealTree +-- gauge@2.7.4
188 silly idealTree +-- get-stream@3.0.0
188 silly idealTree +-- get-value@2.0.6
188 silly idealTree +-- getpass@0.1.7
188 silly idealTree +-- glob-parent@3.1.0
188 silly idealTree | `-- is-glob@3.1.0
188 silly idealTree +-- glob@7.1.2
188 silly idealTree +-- global-dirs@0.1.1
188 silly idealTree +-- got@6.7.1
188 silly idealTree +-- graceful-fs@4.1.11
188 silly idealTree +-- har-schema@2.0.0
188 silly idealTree +-- har-validator@5.0.3
188 silly idealTree +-- has-flag@3.0.0
188 silly idealTree +-- has-unicode@2.0.1
188 silly idealTree +-- has-value@1.0.0
188 silly idealTree +-- has-values@1.0.0
188 silly idealTree | `-- kind-of@4.0.0
188 silly idealTree +-- hawk@6.0.2
188 silly idealTree +-- hoek@4.2.1
188 silly idealTree +-- http-errors@1.6.2
188 silly idealTree | +-- depd@1.1.1
188 silly idealTree | `-- setprototypeof@1.0.3
188 silly idealTree +-- http-signature@1.2.0
188 silly idealTree +-- iconv-lite@0.4.19
188 silly idealTree +-- ignore-by-default@1.0.1
188 silly idealTree +-- import-lazy@2.1.0
188 silly idealTree +-- imurmurhash@0.1.4
188 silly idealTree +-- inflight@1.0.6
188 silly idealTree +-- inherits@2.0.3
188 silly idealTree +-- ini@1.3.5
188 silly idealTree +-- install@0.10.4
188 silly idealTree +-- ipaddr.js@1.6.0
188 silly idealTree +-- is-accessor-descriptor@1.0.0
188 silly idealTree +-- is-binary-path@1.0.1
188 silly idealTree +-- is-buffer@1.1.6
188 silly idealTree +-- is-data-descriptor@1.0.0
188 silly idealTree +-- is-descriptor@1.0.2
188 silly idealTree +-- is-extendable@0.1.1
188 silly idealTree +-- is-extglob@2.1.1
188 silly idealTree +-- is-fullwidth-code-point@1.0.0
188 silly idealTree +-- is-glob@4.0.0
188 silly idealTree +-- is-installed-globally@0.1.0
188 silly idealTree +-- is-npm@1.0.0
188 silly idealTree +-- is-number@3.0.0
188 silly idealTree | `-- kind-of@3.2.2
188 silly idealTree +-- is-obj@1.0.1
188 silly idealTree +-- is-odd@2.0.0
188 silly idealTree | `-- is-number@4.0.0
188 silly idealTree +-- is-path-inside@1.0.1
188 silly idealTree +-- is-plain-object@2.0.4
188 silly idealTree +-- is-redirect@1.0.0
188 silly idealTree +-- is-retry-allowed@1.1.0
188 silly idealTree +-- is-stream@1.1.0
188 silly idealTree +-- is-typedarray@1.0.0
188 silly idealTree +-- is-windows@1.0.2
188 silly idealTree +-- isarray@1.0.0
188 silly idealTree +-- isexe@2.0.0
188 silly idealTree +-- isobject@3.0.1
188 silly idealTree +-- isstream@0.1.2
188 silly idealTree +-- jsbn@0.1.1
188 silly idealTree +-- json-schema-traverse@0.3.1
188 silly idealTree +-- json-schema@0.2.3
188 silly idealTree +-- json-stringify-safe@5.0.1
188 silly idealTree +-- jsprim@1.4.1
188 silly idealTree +-- kareem@2.0.5
188 silly idealTree +-- kind-of@6.0.2
188 silly idealTree +-- latest-version@3.1.0
188 silly idealTree +-- lodash.get@4.4.2
188 silly idealTree +-- lodash@4.17.5
188 silly idealTree +-- lowercase-keys@1.0.0
188 silly idealTree +-- lru-cache@4.1.2
188 silly idealTree +-- make-dir@1.2.0
188 silly idealTree +-- map-cache@0.2.2
188 silly idealTree +-- map-stream@0.1.0
188 silly idealTree +-- map-visit@1.0.0
188 silly idealTree +-- media-typer@0.3.0
188 silly idealTree +-- merge-descriptors@1.0.1
188 silly idealTree +-- methods@1.1.2
188 silly idealTree +-- micromatch@3.1.9
188 silly idealTree +-- mime-db@1.33.0
188 silly idealTree +-- mime-types@2.1.18
188 silly idealTree +-- mime@1.4.1
188 silly idealTree +-- minimatch@3.0.4
188 silly idealTree +-- minimist@0.0.8
188 silly idealTree +-- mixin-deep@1.3.1
188 silly idealTree | `-- is-extendable@1.0.1
188 silly idealTree +-- mkdirp@0.5.1
188 silly idealTree +-- mongodb-autoincrement@1.0.1
188 silly idealTree +-- mongodb-core@3.0.4
188 silly idealTree +-- mongodb@3.0.4
188 silly idealTree +-- mongoose-legacy-pluralize@1.0.2
188 silly idealTree +-- mongoose@5.0.10
188 silly idealTree +-- mpath@0.3.0
188 silly idealTree +-- mquery@3.0.0
188 silly idealTree | `-- sliced@0.0.5
188 silly idealTree +-- ms@2.0.0
188 silly idealTree +-- nan@2.6.2
188 silly idealTree +-- nanomatch@1.2.9
188 silly idealTree +-- negotiator@0.6.1
188 silly idealTree +-- node-gyp@3.6.2
188 silly idealTree | +-- nopt@3.0.6
188 silly idealTree | `-- semver@5.3.0
188 silly idealTree +-- node-pre-gyp@0.6.36
188 silly idealTree +-- nodemon@1.17.2
188 silly idealTree | `-- debug@3.1.0
188 silly idealTree +-- nopt@4.0.1
188 silly idealTree +-- normalize-path@2.1.1
188 silly idealTree +-- npm-run-path@2.0.2
188 silly idealTree +-- npmlog@4.1.2
188 silly idealTree +-- number-is-nan@1.0.1
188 silly idealTree +-- oauth-sign@0.8.2
188 silly idealTree +-- object-assign@4.1.1
188 silly idealTree +-- object-copy@0.1.0
188 silly idealTree | +-- define-property@0.2.5
188 silly idealTree | +-- is-accessor-descriptor@0.1.6
188 silly idealTree | +-- is-data-descriptor@0.1.4
188 silly idealTree | +-- is-descriptor@0.1.6
188 silly idealTree | | `-- kind-of@5.1.0
188 silly idealTree | `-- kind-of@3.2.2
188 silly idealTree +-- object-visit@1.0.1
188 silly idealTree +-- object.pick@1.3.0
188 silly idealTree +-- on-finished@2.3.0
188 silly idealTree +-- once@1.4.0
188 silly idealTree +-- optimist@0.3.7
188 silly idealTree +-- os-homedir@1.0.2
188 silly idealTree +-- os-tmpdir@1.0.2
188 silly idealTree +-- osenv@0.1.5
188 silly idealTree +-- p-finally@1.0.0
188 silly idealTree +-- package-json@4.0.1
188 silly idealTree +-- parseurl@1.3.2
188 silly idealTree +-- pascalcase@0.1.1
188 silly idealTree +-- path-dirname@1.0.2
188 silly idealTree +-- path-is-absolute@1.0.1
188 silly idealTree +-- path-is-inside@1.0.2
188 silly idealTree +-- path-key@2.0.1
188 silly idealTree +-- path-to-regexp@0.1.7
188 silly idealTree +-- pause-stream@0.0.11
188 silly idealTree +-- performance-now@2.1.0
188 silly idealTree +-- pify@3.0.0
188 silly idealTree +-- posix-character-classes@0.1.1
188 silly idealTree +-- prepend-http@1.0.4
188 silly idealTree +-- process-nextick-args@2.0.0
188 silly idealTree +-- proxy-addr@2.0.3
188 silly idealTree +-- ps-tree@1.1.0
188 silly idealTree +-- pseudomap@1.0.2
188 silly idealTree +-- pstree.remy@1.1.0
188 silly idealTree +-- punycode@1.4.1
188 silly idealTree +-- qs@6.5.1
188 silly idealTree +-- range-parser@1.2.0
188 silly idealTree +-- raw-body@2.3.2
188 silly idealTree +-- rc@1.2.6
188 silly idealTree | `-- minimist@1.2.0
188 silly idealTree +-- readable-stream@2.3.5
188 silly idealTree +-- readdirp@2.1.0
188 silly idealTree +-- rebuild@0.1.2
188 silly idealTree +-- regex-not@1.0.2
188 silly idealTree +-- regexp-clone@0.0.1
188 silly idealTree +-- registry-auth-token@3.3.2
188 silly idealTree +-- registry-url@3.1.0
188 silly idealTree +-- remove-trailing-separator@1.1.0
188 silly idealTree +-- repeat-element@1.1.2
188 silly idealTree +-- repeat-string@1.6.1
188 silly idealTree +-- request@2.85.0
188 silly idealTree +-- require_optional@1.0.1
188 silly idealTree +-- resolve-from@2.0.0
188 silly idealTree +-- resolve-url@0.2.1
188 silly idealTree +-- ret@0.1.15
188 silly idealTree +-- rimraf@2.6.2
188 silly idealTree +-- safe-buffer@5.1.1
188 silly idealTree +-- safe-regex@1.1.0
188 silly idealTree +-- semver-diff@2.1.0
188 silly idealTree +-- semver@5.5.0
188 silly idealTree +-- send@0.16.1
188 silly idealTree +-- serve-static@1.13.1
188 silly idealTree +-- set-blocking@2.0.0
188 silly idealTree +-- set-immediate-shim@1.0.1
188 silly idealTree +-- set-value@2.0.0
188 silly idealTree | `-- extend-shallow@2.0.1
188 silly idealTree +-- setprototypeof@1.1.0
188 silly idealTree +-- shebang-command@1.2.0
188 silly idealTree +-- shebang-regex@1.0.0
188 silly idealTree +-- signal-exit@3.0.2
188 silly idealTree +-- sliced@1.0.1
188 silly idealTree +-- snapdragon-node@2.1.1
188 silly idealTree | `-- define-property@1.0.0
188 silly idealTree +-- snapdragon-util@3.0.1
188 silly idealTree | `-- kind-of@3.2.2
188 silly idealTree +-- snapdragon@0.8.2
188 silly idealTree | +-- define-property@0.2.5
188 silly idealTree | +-- extend-shallow@2.0.1
188 silly idealTree | +-- is-accessor-descriptor@0.1.6
188 silly idealTree | | `-- kind-of@3.2.2
188 silly idealTree | +-- is-data-descriptor@0.1.4
188 silly idealTree | | `-- kind-of@3.2.2
188 silly idealTree | +-- is-descriptor@0.1.6
188 silly idealTree | `-- kind-of@5.1.0
188 silly idealTree +-- sntp@2.1.0
188 silly idealTree +-- source-map-resolve@0.5.1
188 silly idealTree +-- source-map-url@0.4.0
188 silly idealTree +-- source-map@0.5.7
188 silly idealTree +-- split-string@3.1.0
188 silly idealTree +-- split@0.3.3
188 silly idealTree +-- sshpk@1.14.1
188 silly idealTree +-- static-extend@0.1.2
188 silly idealTree | +-- define-property@0.2.5
188 silly idealTree | +-- is-accessor-descriptor@0.1.6
188 silly idealTree | | `-- kind-of@3.2.2
188 silly idealTree | +-- is-data-descriptor@0.1.4
188 silly idealTree | | `-- kind-of@3.2.2
188 silly idealTree | +-- is-descriptor@0.1.6
188 silly idealTree | `-- kind-of@5.1.0
188 silly idealTree +-- statuses@1.3.1
188 silly idealTree +-- stream-combiner@0.0.4
188 silly idealTree +-- string_decoder@1.0.3
188 silly idealTree +-- string-width@1.0.2
188 silly idealTree +-- stringstream@0.0.5
188 silly idealTree +-- strip-ansi@3.0.1
188 silly idealTree +-- strip-eof@1.0.0
188 silly idealTree +-- strip-json-comments@2.0.1
188 silly idealTree +-- supports-color@5.3.0
188 silly idealTree +-- tar-pack@3.4.1
188 silly idealTree +-- tar@2.2.1
188 silly idealTree +-- term-size@1.2.0
188 silly idealTree +-- through@2.3.8
188 silly idealTree +-- timed-out@4.0.1
188 silly idealTree +-- to-object-path@0.3.0
188 silly idealTree | `-- kind-of@3.2.2
188 silly idealTree +-- to-regex-range@2.1.1
188 silly idealTree +-- to-regex@3.0.2
188 silly idealTree +-- touch@3.1.0
188 silly idealTree | `-- nopt@1.0.10
188 silly idealTree +-- tough-cookie@2.3.4
188 silly idealTree +-- tunnel-agent@0.6.0
188 silly idealTree +-- tweetnacl@0.14.5
188 silly idealTree +-- type-is@1.6.16
188 silly idealTree +-- uid-number@0.0.6
188 silly idealTree +-- undefsafe@2.0.2
188 silly idealTree +-- union-value@1.0.0
188 silly idealTree | +-- extend-shallow@2.0.1
188 silly idealTree | `-- set-value@0.4.3
188 silly idealTree +-- unique-string@1.0.0
188 silly idealTree +-- unpipe@1.0.0
188 silly idealTree +-- unset-value@1.0.0
188 silly idealTree | +-- has-value@0.3.1
188 silly idealTree | | `-- isobject@2.1.0
188 silly idealTree | `-- has-values@0.1.4
188 silly idealTree +-- unzip-response@2.0.1
188 silly idealTree +-- upath@1.0.4
188 silly idealTree +-- update-notifier@2.3.0
188 silly idealTree +-- urix@0.1.0
188 silly idealTree +-- url-parse-lax@1.0.0
188 silly idealTree +-- use@3.1.0
188 silly idealTree +-- util-deprecate@1.0.2
188 silly idealTree +-- utils-merge@1.0.1
188 silly idealTree +-- uuid@3.2.1
188 silly idealTree +-- vary@1.1.2
188 silly idealTree +-- verror@1.10.0
188 silly idealTree +-- which@1.3.0
188 silly idealTree +-- wide-align@1.1.2
188 silly idealTree +-- widest-line@2.0.0
188 silly idealTree | +-- ansi-regex@3.0.0
188 silly idealTree | +-- is-fullwidth-code-point@2.0.0
188 silly idealTree | +-- string-width@2.1.1
188 silly idealTree | `-- strip-ansi@4.0.0
188 silly idealTree +-- wordwrap@0.0.3
188 silly idealTree +-- wrappy@1.0.2
188 silly idealTree +-- write-file-atomic@2.3.0
188 silly idealTree +-- xdg-basedir@3.0.0
188 silly idealTree `-- yallist@2.1.2
189 silly generateActionsToTake Starting
190 silly install generateActionsToTake
191 warn checkPermissions Missing write access to /home/bhanugoban/NodeServer/node_modules/bytes
192 warn checkPermissions Missing write access to /home/bhanugoban/NodeServer/node_modules/iconv-lite
193 warn checkPermissions Missing write access to /home/bhanugoban/NodeServer/node_modules/raw-body
194 warn checkPermissions Missing write access to /home/bhanugoban/NodeServer/node_modules/body-parser
195 warn checkPermissions Missing write access to /home/bhanugoban/NodeServer/node_modules
196 silly rollbackFailedOptional Starting
197 silly rollbackFailedOptional Finishing
198 silly runTopLevelLifecycles Finishing
199 silly install printInstalled
200 warn optional SKIPPING OPTIONAL DEPENDENCY: fsevents@^1.0.0 (node_modules/chokidar/node_modules/fsevents):
201 warn notsup SKIPPING OPTIONAL DEPENDENCY: Unsupported platform for fsevents@1.1.3: wanted {"os":"darwin","arch":"any"} (current: {"os":"linux","arch":"x64"})
202 verbose notsup SKIPPING OPTIONAL DEPENDENCY: Valid OS:    darwin
202 verbose notsup SKIPPING OPTIONAL DEPENDENCY: Valid Arch:  any
202 verbose notsup SKIPPING OPTIONAL DEPENDENCY: Actual OS:   linux
202 verbose notsup SKIPPING OPTIONAL DEPENDENCY: Actual Arch: x64
203 warn nodeserver@1.0.0 No repository field.
204 verbose If you need help, you may report this error at:
204 verbose     <https://github.com/npm/npm/issues>
205 verbose stack Error: EACCES: permission denied, access '/home/bhanugoban/NodeServer/node_modules/bytes'
205 verbose stack     at Error (native)
206 verbose cwd /home/bhanugoban/NodeServer
207 error Linux 4.4.0-116-generic
208 error argv "/usr/bin/node" "/usr/bin/npm" "install" "body-parser" "--save"
209 error node v6.11.4
210 error npm  v3.10.10
211 error path /home/bhanugoban/NodeServer/node_modules/bytes
212 error code EACCES
213 error errno -13
214 error syscall access
215 error Error: EACCES: permission denied, access '/home/bhanugoban/NodeServer/node_modules/bytes'
215 error     at Error (native)
215 error  { Error: EACCES: permission denied, access '/home/bhanugoban/NodeServer/node_modules/bytes'
215 error     at Error (native)
215 error   errno: -13,
215 error   code: 'EACCES',
215 error   syscall: 'access',
215 error   path: '/home/bhanugoban/NodeServer/node_modules/bytes' }
216 error Please try running this command again as root/Administrator.
217 verbose exit [ -13, true ]
